{"/workspaces/creditaioi/src/lib/env.ts": {"path":"/workspaces/creditaioi/src/lib/env.ts","statementMap":{"0":{"start":{"line":14,"column":45},"end":{"line":18,"column":null}},"1":{"start":{"line":25,"column":28},"end":{"line":25,"column":30}},"2":{"start":{"line":26,"column":28},"end":{"line":26,"column":30}},"3":{"start":{"line":28,"column":2},"end":{"line":44,"column":null}},"4":{"start":{"line":29,"column":18},"end":{"line":29,"column":38}},"5":{"start":{"line":31,"column":4},"end":{"line":34,"column":null}},"6":{"start":{"line":32,"column":6},"end":{"line":32,"column":null}},"7":{"start":{"line":33,"column":6},"end":{"line":33,"column":null}},"8":{"start":{"line":37,"column":4},"end":{"line":39,"column":null}},"9":{"start":{"line":38,"column":6},"end":{"line":38,"column":null}},"10":{"start":{"line":41,"column":4},"end":{"line":43,"column":null}},"11":{"start":{"line":42,"column":6},"end":{"line":42,"column":null}},"12":{"start":{"line":46,"column":2},"end":{"line":50,"column":null}},"13":{"start":{"line":47,"column":18},"end":{"line":47,"column":111}},"14":{"start":{"line":48,"column":4},"end":{"line":48,"column":null}},"15":{"start":{"line":49,"column":4},"end":{"line":49,"column":null}},"16":{"start":{"line":52,"column":2},"end":{"line":56,"column":null}},"17":{"start":{"line":53,"column":18},"end":{"line":53,"column":72}},"18":{"start":{"line":54,"column":4},"end":{"line":54,"column":null}},"19":{"start":{"line":55,"column":4},"end":{"line":55,"column":null}},"20":{"start":{"line":58,"column":2},"end":{"line":58,"column":null}},"21":{"start":{"line":60,"column":2},"end":{"line":64,"column":null}},"22":{"start":{"line":72,"column":2},"end":{"line":76,"column":null}},"23":{"start":{"line":82,"column":28},"end":{"line":82,"column":48}},"24":{"start":{"line":87,"column":29},"end":{"line":87,"column":48}}},"fnMap":{"0":{"name":"validateEnvironment","decl":{"start":{"line":24,"column":16},"end":{"line":24,"column":null}},"loc":{"start":{"line":24,"column":16},"end":{"line":65,"column":null}},"line":24},"1":{"name":"getEnvConfig","decl":{"start":{"line":71,"column":16},"end":{"line":71,"column":null}},"loc":{"start":{"line":71,"column":16},"end":{"line":77,"column":null}},"line":71}},"branchMap":{"0":{"loc":{"start":{"line":31,"column":4},"end":{"line":34,"column":null}},"type":"if","locations":[{"start":{"line":31,"column":4},"end":{"line":34,"column":null}},{"start":{},"end":{}}],"line":31},"1":{"loc":{"start":{"line":37,"column":4},"end":{"line":39,"column":null}},"type":"if","locations":[{"start":{"line":37,"column":4},"end":{"line":39,"column":null}},{"start":{},"end":{}}],"line":37},"2":{"loc":{"start":{"line":37,"column":8},"end":{"line":37,"column":70}},"type":"binary-expr","locations":[{"start":{"line":37,"column":8},"end":{"line":37,"column":39}},{"start":{"line":37,"column":39},"end":{"line":37,"column":70}}],"line":37},"3":{"loc":{"start":{"line":41,"column":4},"end":{"line":43,"column":null}},"type":"if","locations":[{"start":{"line":41,"column":4},"end":{"line":43,"column":null}},{"start":{},"end":{}}],"line":41},"4":{"loc":{"start":{"line":41,"column":8},"end":{"line":41,"column":77}},"type":"binary-expr","locations":[{"start":{"line":41,"column":8},"end":{"line":41,"column":51}},{"start":{"line":41,"column":51},"end":{"line":41,"column":77}}],"line":41},"5":{"loc":{"start":{"line":46,"column":2},"end":{"line":50,"column":null}},"type":"if","locations":[{"start":{"line":46,"column":2},"end":{"line":50,"column":null}},{"start":{},"end":{}}],"line":46},"6":{"loc":{"start":{"line":52,"column":2},"end":{"line":56,"column":null}},"type":"if","locations":[{"start":{"line":52,"column":2},"end":{"line":56,"column":null}},{"start":{},"end":{}}],"line":52}},"s":{"0":1,"1":2,"2":2,"3":2,"4":6,"5":6,"6":0,"7":0,"8":6,"9":0,"10":6,"11":0,"12":2,"13":0,"14":0,"15":0,"16":2,"17":0,"18":0,"19":0,"20":2,"21":2,"22":0,"23":1,"24":1},"f":{"0":2,"1":0},"b":{"0":[0,6],"1":[0,6],"2":[6,2],"3":[0,6],"4":[6,2],"5":[0,2],"6":[0,2]},"meta":{"lastBranch":7,"lastFunction":2,"lastStatement":25,"seen":{"s:14:45:18:Infinity":0,"f:24:16:24:Infinity":0,"s:25:28:25:30":1,"s:26:28:26:30":2,"s:28:2:44:Infinity":3,"s:29:18:29:38":4,"b:31:4:34:Infinity:undefined:undefined:undefined:undefined":0,"s:31:4:34:Infinity":5,"s:32:6:32:Infinity":6,"s:33:6:33:Infinity":7,"b:37:4:39:Infinity:undefined:undefined:undefined:undefined":1,"s:37:4:39:Infinity":8,"b:37:8:37:39:37:39:37:70":2,"s:38:6:38:Infinity":9,"b:41:4:43:Infinity:undefined:undefined:undefined:undefined":3,"s:41:4:43:Infinity":10,"b:41:8:41:51:41:51:41:77":4,"s:42:6:42:Infinity":11,"b:46:2:50:Infinity:undefined:undefined:undefined:undefined":5,"s:46:2:50:Infinity":12,"s:47:18:47:111":13,"s:48:4:48:Infinity":14,"s:49:4:49:Infinity":15,"b:52:2:56:Infinity:undefined:undefined:undefined:undefined":6,"s:52:2:56:Infinity":16,"s:53:18:53:72":17,"s:54:4:54:Infinity":18,"s:55:4:55:Infinity":19,"s:58:2:58:Infinity":20,"s:60:2:64:Infinity":21,"f:71:16:71:Infinity":1,"s:72:2:76:Infinity":22,"s:82:28:82:48":23,"s:87:29:87:48":24}}}
,"/workspaces/creditaioi/src/lib/errors.ts": {"path":"/workspaces/creditaioi/src/lib/errors.ts","statementMap":{"0":{"start":{"line":16,"column":4},"end":{"line":14,"column":44}},"1":{"start":{"line":17,"column":4},"end":{"line":17,"column":null}},"2":{"start":{"line":23,"column":4},"end":{"line":23,"column":null}},"3":{"start":{"line":24,"column":4},"end":{"line":24,"column":null}},"4":{"start":{"line":30,"column":4},"end":{"line":30,"column":null}},"5":{"start":{"line":31,"column":4},"end":{"line":31,"column":null}},"6":{"start":{"line":37,"column":4},"end":{"line":37,"column":null}},"7":{"start":{"line":38,"column":4},"end":{"line":38,"column":null}},"8":{"start":{"line":46,"column":2},"end":{"line":48,"column":null}},"9":{"start":{"line":47,"column":4},"end":{"line":47,"column":null}},"10":{"start":{"line":50,"column":2},"end":{"line":62,"column":null}},"11":{"start":{"line":52,"column":4},"end":{"line":54,"column":null}},"12":{"start":{"line":53,"column":6},"end":{"line":53,"column":null}},"13":{"start":{"line":55,"column":4},"end":{"line":57,"column":null}},"14":{"start":{"line":56,"column":6},"end":{"line":56,"column":null}},"15":{"start":{"line":58,"column":4},"end":{"line":60,"column":null}},"16":{"start":{"line":59,"column":6},"end":{"line":59,"column":null}},"17":{"start":{"line":61,"column":4},"end":{"line":61,"column":null}},"18":{"start":{"line":64,"column":2},"end":{"line":64,"column":null}},"19":{"start":{"line":71,"column":18},"end":{"line":71,"column":null}},"20":{"start":{"line":74,"column":2},"end":{"line":80,"column":null}},"21":{"start":{"line":75,"column":4},"end":{"line":77,"column":null}},"22":{"start":{"line":79,"column":4},"end":{"line":79,"column":null}},"23":{"start":{"line":83,"column":2},"end":{"line":83,"column":null}},"24":{"start":{"line":93,"column":2},"end":{"line":98,"column":null}},"25":{"start":{"line":94,"column":4},"end":{"line":94,"column":null}},"26":{"start":{"line":96,"column":4},"end":{"line":96,"column":null}},"27":{"start":{"line":97,"column":4},"end":{"line":97,"column":null}},"28":{"start":{"line":106,"column":4},"end":{"line":106,"column":null}},"29":{"start":{"line":110,"column":4},"end":{"line":112,"column":null}},"30":{"start":{"line":126,"column":2},"end":{"line":140,"column":null}},"31":{"start":{"line":126,"column":21},"end":{"line":126,"column":24}},"32":{"start":{"line":127,"column":4},"end":{"line":139,"column":null}},"33":{"start":{"line":128,"column":6},"end":{"line":128,"column":null}},"34":{"start":{"line":130,"column":6},"end":{"line":130,"column":null}},"35":{"start":{"line":132,"column":6},"end":{"line":138,"column":null}},"36":{"start":{"line":133,"column":8},"end":{"line":136,"column":null}},"37":{"start":{"line":137,"column":8},"end":{"line":137,"column":null}},"38":{"start":{"line":137,"column":37},"end":{"line":137,"column":null}},"39":{"start":{"line":142,"column":2},"end":{"line":144,"column":null}}},"fnMap":{"0":{"name":"_define_property","decl":{"start":{"line":4,"column":1},"end":{"line":4,"column":null}},"loc":{"start":{"line":4,"column":1},"end":{"line":4,"column":null}},"line":4},"1":{"name":"(anonymous_1)","decl":{"start":{"line":10,"column":2},"end":{"line":10,"column":null}},"loc":{"start":{"line":15,"column":4},"end":{"line":18,"column":null}},"line":15},"2":{"name":"(anonymous_2)","decl":{"start":{"line":22,"column":2},"end":{"line":22,"column":14}},"loc":{"start":{"line":22,"column":93},"end":{"line":25,"column":null}},"line":22},"3":{"name":"(anonymous_3)","decl":{"start":{"line":29,"column":2},"end":{"line":29,"column":14}},"loc":{"start":{"line":29,"column":92},"end":{"line":32,"column":null}},"line":29},"4":{"name":"(anonymous_4)","decl":{"start":{"line":36,"column":2},"end":{"line":36,"column":14}},"loc":{"start":{"line":36,"column":88},"end":{"line":39,"column":null}},"line":36},"5":{"name":"getUserFriendlyMessage","decl":{"start":{"line":45,"column":16},"end":{"line":45,"column":39}},"loc":{"start":{"line":45,"column":53},"end":{"line":65,"column":null}},"line":45},"6":{"name":"handleError","decl":{"start":{"line":70,"column":16},"end":{"line":70,"column":28}},"loc":{"start":{"line":70,"column":66},"end":{"line":84,"column":null}},"line":70},"7":{"name":"withErrorHandling","decl":{"start":{"line":89,"column":22},"end":{"line":89,"column":null}},"loc":{"start":{"line":91,"column":23},"end":{"line":99,"column":null}},"line":91},"8":{"name":"(anonymous_8)","decl":{"start":{"line":105,"column":9},"end":{"line":105,"column":34}},"loc":{"start":{"line":105,"column":48},"end":{"line":107,"column":null}},"line":105},"9":{"name":"(anonymous_9)","decl":{"start":{"line":109,"column":9},"end":{"line":109,"column":27}},"loc":{"start":{"line":109,"column":69},"end":{"line":113,"column":null}},"line":109},"10":{"name":"retryOperation","decl":{"start":{"line":119,"column":22},"end":{"line":119,"column":null}},"loc":{"start":{"line":122,"column":22},"end":{"line":145,"column":null}},"line":122},"11":{"name":"(anonymous_11)","decl":{"start":{"line":137,"column":26},"end":{"line":137,"column":37}},"loc":{"start":{"line":137,"column":37},"end":{"line":137,"column":null}},"line":137}},"branchMap":{"0":{"loc":{"start":{"line":22,"column":14},"end":{"line":22,"column":56}},"type":"default-arg","locations":[{"start":{"line":22,"column":32},"end":{"line":22,"column":56}}],"line":22},"1":{"loc":{"start":{"line":29,"column":14},"end":{"line":29,"column":55}},"type":"default-arg","locations":[{"start":{"line":29,"column":32},"end":{"line":29,"column":55}}],"line":29},"2":{"loc":{"start":{"line":36,"column":14},"end":{"line":36,"column":51}},"type":"default-arg","locations":[{"start":{"line":36,"column":32},"end":{"line":36,"column":51}}],"line":36},"3":{"loc":{"start":{"line":46,"column":2},"end":{"line":48,"column":null}},"type":"if","locations":[{"start":{"line":46,"column":2},"end":{"line":48,"column":null}},{"start":{},"end":{}}],"line":46},"4":{"loc":{"start":{"line":50,"column":2},"end":{"line":62,"column":null}},"type":"if","locations":[{"start":{"line":50,"column":2},"end":{"line":62,"column":null}},{"start":{},"end":{}}],"line":50},"5":{"loc":{"start":{"line":52,"column":4},"end":{"line":54,"column":null}},"type":"if","locations":[{"start":{"line":52,"column":4},"end":{"line":54,"column":null}},{"start":{},"end":{}}],"line":52},"6":{"loc":{"start":{"line":55,"column":4},"end":{"line":57,"column":null}},"type":"if","locations":[{"start":{"line":55,"column":4},"end":{"line":57,"column":null}},{"start":{},"end":{}}],"line":55},"7":{"loc":{"start":{"line":55,"column":8},"end":{"line":55,"column":73}},"type":"binary-expr","locations":[{"start":{"line":55,"column":8},"end":{"line":55,"column":41}},{"start":{"line":55,"column":41},"end":{"line":55,"column":73}}],"line":55},"8":{"loc":{"start":{"line":58,"column":4},"end":{"line":60,"column":null}},"type":"if","locations":[{"start":{"line":58,"column":4},"end":{"line":60,"column":null}},{"start":{},"end":{}}],"line":58},"9":{"loc":{"start":{"line":71,"column":18},"end":{"line":71,"column":null}},"type":"binary-expr","locations":[{"start":{"line":71,"column":18},"end":{"line":71,"column":35}},{"start":{"line":71,"column":35},"end":{"line":71,"column":null}}],"line":71},"10":{"loc":{"start":{"line":74,"column":2},"end":{"line":80,"column":null}},"type":"if","locations":[{"start":{"line":74,"column":2},"end":{"line":80,"column":null}},{"start":{"line":78,"column":9},"end":{"line":80,"column":null}}],"line":74},"11":{"loc":{"start":{"line":76,"column":12},"end":{"line":76,"column":null}},"type":"cond-expr","locations":[{"start":{"line":76,"column":40},"end":{"line":76,"column":50}},{"start":{"line":76,"column":53},"end":{"line":76,"column":null}}],"line":76},"12":{"loc":{"start":{"line":121,"column":2},"end":{"line":121,"column":24}},"type":"default-arg","locations":[{"start":{"line":121,"column":23},"end":{"line":121,"column":24}}],"line":121},"13":{"loc":{"start":{"line":122,"column":2},"end":{"line":122,"column":22}},"type":"default-arg","locations":[{"start":{"line":122,"column":18},"end":{"line":122,"column":22}}],"line":122},"14":{"loc":{"start":{"line":130,"column":18},"end":{"line":130,"column":null}},"type":"cond-expr","locations":[{"start":{"line":130,"column":43},"end":{"line":130,"column":51}},{"start":{"line":130,"column":51},"end":{"line":130,"column":null}}],"line":130},"15":{"loc":{"start":{"line":132,"column":6},"end":{"line":138,"column":null}},"type":"if","locations":[{"start":{"line":132,"column":6},"end":{"line":138,"column":null}},{"start":{},"end":{}}],"line":132}},"s":{"0":5,"1":5,"2":1,"3":1,"4":1,"5":1,"6":1,"7":1,"8":3,"9":1,"10":2,"11":2,"12":1,"13":1,"14":0,"15":1,"16":0,"17":1,"18":0,"19":0,"20":0,"21":0,"22":0,"23":0,"24":0,"25":0,"26":0,"27":0,"28":0,"29":0,"30":0,"31":0,"32":0,"33":0,"34":0,"35":0,"36":0,"37":0,"38":0,"39":0},"f":{"0":15,"1":5,"2":1,"3":1,"4":1,"5":3,"6":0,"7":0,"8":1,"9":1,"10":0,"11":0},"b":{"0":[1],"1":[1],"2":[1],"3":[1,2],"4":[2,0],"5":[1,1],"6":[0,1],"7":[1,1],"8":[0,1],"9":[0,0],"10":[0,0],"11":[0,0],"12":[0],"13":[0],"14":[0,0],"15":[0,0]},"meta":{"lastBranch":16,"lastFunction":12,"lastStatement":40,"seen":{"f:4:1:4:Infinity":0,"f:10:2:10:Infinity":1,"s:16:4:14:44":0,"s:17:4:17:Infinity":1,"f:22:2:22:14":2,"b:22:32:22:56":0,"s:23:4:23:Infinity":2,"s:24:4:24:Infinity":3,"f:29:2:29:14":3,"b:29:32:29:55":1,"s:30:4:30:Infinity":4,"s:31:4:31:Infinity":5,"f:36:2:36:14":4,"b:36:32:36:51":2,"s:37:4:37:Infinity":6,"s:38:4:38:Infinity":7,"f:45:16:45:39":5,"b:46:2:48:Infinity:undefined:undefined:undefined:undefined":3,"s:46:2:48:Infinity":8,"s:47:4:47:Infinity":9,"b:50:2:62:Infinity:undefined:undefined:undefined:undefined":4,"s:50:2:62:Infinity":10,"b:52:4:54:Infinity:undefined:undefined:undefined:undefined":5,"s:52:4:54:Infinity":11,"s:53:6:53:Infinity":12,"b:55:4:57:Infinity:undefined:undefined:undefined:undefined":6,"s:55:4:57:Infinity":13,"b:55:8:55:41:55:41:55:73":7,"s:56:6:56:Infinity":14,"b:58:4:60:Infinity:undefined:undefined:undefined:undefined":8,"s:58:4:60:Infinity":15,"s:59:6:59:Infinity":16,"s:61:4:61:Infinity":17,"s:64:2:64:Infinity":18,"f:70:16:70:28":6,"s:71:18:71:Infinity":19,"b:71:18:71:35:71:35:71:Infinity":9,"b:74:2:80:Infinity:78:9:80:Infinity":10,"s:74:2:80:Infinity":20,"s:75:4:77:Infinity":21,"b:76:40:76:50:76:53:76:Infinity":11,"s:79:4:79:Infinity":22,"s:83:2:83:Infinity":23,"f:89:22:89:Infinity":7,"s:93:2:98:Infinity":24,"s:94:4:94:Infinity":25,"s:96:4:96:Infinity":26,"s:97:4:97:Infinity":27,"f:105:9:105:34":8,"s:106:4:106:Infinity":28,"f:109:9:109:27":9,"s:110:4:112:Infinity":29,"f:119:22:119:Infinity":10,"b:121:23:121:24":12,"b:122:18:122:22":13,"s:126:2:140:Infinity":30,"s:126:21:126:24":31,"s:127:4:139:Infinity":32,"s:128:6:128:Infinity":33,"s:130:6:130:Infinity":34,"b:130:43:130:51:130:51:130:Infinity":14,"b:132:6:138:Infinity:undefined:undefined:undefined:undefined":15,"s:132:6:138:Infinity":35,"s:133:8:136:Infinity":36,"s:137:8:137:Infinity":37,"f:137:26:137:37":11,"s:137:37:137:Infinity":38,"s:142:2:144:Infinity":39}}}
,"/workspaces/creditaioi/src/lib/logger.ts": {"path":"/workspaces/creditaioi/src/lib/logger.ts","statementMap":{"0":{"start":{"line":17,"column":31},"end":{"line":17,"column":null}},"1":{"start":{"line":18,"column":4},"end":{"line":18,"column":null}},"2":{"start":{"line":22,"column":22},"end":{"line":22,"column":null}},"3":{"start":{"line":23,"column":23},"end":{"line":23,"column":null}},"4":{"start":{"line":24,"column":4},"end":{"line":24,"column":null}},"5":{"start":{"line":29,"column":4},"end":{"line":32,"column":null}},"6":{"start":{"line":36,"column":4},"end":{"line":36,"column":null}},"7":{"start":{"line":36,"column":34},"end":{"line":36,"column":null}},"8":{"start":{"line":37,"column":4},"end":{"line":39,"column":null}},"9":{"start":{"line":38,"column":6},"end":{"line":38,"column":null}},"10":{"start":{"line":43,"column":4},"end":{"line":43,"column":null}},"11":{"start":{"line":43,"column":33},"end":{"line":43,"column":null}},"12":{"start":{"line":44,"column":4},"end":{"line":46,"column":null}},"13":{"start":{"line":45,"column":6},"end":{"line":45,"column":null}},"14":{"start":{"line":47,"column":4},"end":{"line":47,"column":null}},"15":{"start":{"line":51,"column":4},"end":{"line":51,"column":null}},"16":{"start":{"line":51,"column":33},"end":{"line":51,"column":null}},"17":{"start":{"line":52,"column":4},"end":{"line":54,"column":null}},"18":{"start":{"line":53,"column":6},"end":{"line":53,"column":null}},"19":{"start":{"line":55,"column":4},"end":{"line":55,"column":null}},"20":{"start":{"line":59,"column":4},"end":{"line":59,"column":null}},"21":{"start":{"line":59,"column":34},"end":{"line":59,"column":null}},"22":{"start":{"line":61,"column":25},"end":{"line":66,"column":null}},"23":{"start":{"line":68,"column":4},"end":{"line":71,"column":null}},"24":{"start":{"line":69,"column":6},"end":{"line":69,"column":null}},"25":{"start":{"line":70,"column":6},"end":{"line":70,"column":null}},"26":{"start":{"line":70,"column":17},"end":{"line":70,"column":null}},"27":{"start":{"line":73,"column":4},"end":{"line":73,"column":null}},"28":{"start":{"line":78,"column":4},"end":{"line":80,"column":null}},"29":{"start":{"line":79,"column":6},"end":{"line":79,"column":null}},"30":{"start":{"line":84,"column":4},"end":{"line":86,"column":null}},"31":{"start":{"line":85,"column":6},"end":{"line":85,"column":null}},"32":{"start":{"line":13,"column":2},"end":{"line":13,"column":null}},"33":{"start":{"line":14,"column":2},"end":{"line":14,"column":null}},"34":{"start":{"line":91,"column":22},"end":{"line":91,"column":null}}},"fnMap":{"0":{"name":"_define_property","decl":{"start":{"line":4,"column":1},"end":{"line":4,"column":null}},"loc":{"start":{"line":4,"column":1},"end":{"line":4,"column":null}},"line":4},"1":{"name":"(anonymous_1)","decl":{"start":{"line":16,"column":10},"end":{"line":16,"column":20}},"loc":{"start":{"line":16,"column":46},"end":{"line":19,"column":null}},"line":16},"2":{"name":"(anonymous_2)","decl":{"start":{"line":21,"column":10},"end":{"line":21,"column":24}},"loc":{"start":{"line":21,"column":88},"end":{"line":25,"column":null}},"line":21},"3":{"name":"(anonymous_3)","decl":{"start":{"line":27,"column":10},"end":{"line":27,"column":27}},"loc":{"start":{"line":27,"column":98},"end":{"line":33,"column":null}},"line":27},"4":{"name":"(anonymous_4)","decl":{"start":{"line":35,"column":2},"end":{"line":35,"column":8}},"loc":{"start":{"line":35,"column":47},"end":{"line":40,"column":null}},"line":35},"5":{"name":"(anonymous_5)","decl":{"start":{"line":42,"column":2},"end":{"line":42,"column":7}},"loc":{"start":{"line":42,"column":46},"end":{"line":48,"column":null}},"line":42},"6":{"name":"(anonymous_6)","decl":{"start":{"line":50,"column":2},"end":{"line":50,"column":7}},"loc":{"start":{"line":50,"column":46},"end":{"line":56,"column":null}},"line":50},"7":{"name":"(anonymous_7)","decl":{"start":{"line":58,"column":2},"end":{"line":58,"column":8}},"loc":{"start":{"line":58,"column":62},"end":{"line":74,"column":null}},"line":58},"8":{"name":"(anonymous_8)","decl":{"start":{"line":77,"column":2},"end":{"line":77,"column":7}},"loc":{"start":{"line":77,"column":22},"end":{"line":81,"column":null}},"line":77},"9":{"name":"(anonymous_9)","decl":{"start":{"line":83,"column":2},"end":{"line":83,"column":10}},"loc":{"start":{"line":83,"column":25},"end":{"line":87,"column":null}},"line":83}},"branchMap":{"0":{"loc":{"start":{"line":23,"column":23},"end":{"line":23,"column":null}},"type":"cond-expr","locations":[{"start":{"line":23,"column":33},"end":{"line":23,"column":62}},{"start":{"line":23,"column":65},"end":{"line":23,"column":null}}],"line":23},"1":{"loc":{"start":{"line":29,"column":4},"end":{"line":32,"column":null}},"type":"if","locations":[{"start":{"line":29,"column":4},"end":{"line":32,"column":null}},{"start":{},"end":{}}],"line":29},"2":{"loc":{"start":{"line":29,"column":8},"end":{"line":29,"column":51}},"type":"binary-expr","locations":[{"start":{"line":29,"column":8},"end":{"line":29,"column":28}},{"start":{"line":29,"column":32},"end":{"line":29,"column":51}}],"line":29},"3":{"loc":{"start":{"line":36,"column":4},"end":{"line":36,"column":null}},"type":"if","locations":[{"start":{"line":36,"column":4},"end":{"line":36,"column":null}},{"start":{},"end":{}}],"line":36},"4":{"loc":{"start":{"line":37,"column":4},"end":{"line":39,"column":null}},"type":"if","locations":[{"start":{"line":37,"column":4},"end":{"line":39,"column":null}},{"start":{},"end":{}}],"line":37},"5":{"loc":{"start":{"line":43,"column":4},"end":{"line":43,"column":null}},"type":"if","locations":[{"start":{"line":43,"column":4},"end":{"line":43,"column":null}},{"start":{},"end":{}}],"line":43},"6":{"loc":{"start":{"line":44,"column":4},"end":{"line":46,"column":null}},"type":"if","locations":[{"start":{"line":44,"column":4},"end":{"line":46,"column":null}},{"start":{},"end":{}}],"line":44},"7":{"loc":{"start":{"line":51,"column":4},"end":{"line":51,"column":null}},"type":"if","locations":[{"start":{"line":51,"column":4},"end":{"line":51,"column":null}},{"start":{},"end":{}}],"line":51},"8":{"loc":{"start":{"line":52,"column":4},"end":{"line":54,"column":null}},"type":"if","locations":[{"start":{"line":52,"column":4},"end":{"line":54,"column":null}},{"start":{},"end":{}}],"line":52},"9":{"loc":{"start":{"line":59,"column":4},"end":{"line":59,"column":null}},"type":"if","locations":[{"start":{"line":59,"column":4},"end":{"line":59,"column":null}},{"start":{},"end":{}}],"line":59},"10":{"loc":{"start":{"line":68,"column":4},"end":{"line":71,"column":null}},"type":"if","locations":[{"start":{"line":68,"column":4},"end":{"line":71,"column":null}},{"start":{},"end":{}}],"line":68},"11":{"loc":{"start":{"line":70,"column":6},"end":{"line":70,"column":null}},"type":"if","locations":[{"start":{"line":70,"column":6},"end":{"line":70,"column":null}},{"start":{},"end":{}}],"line":70},"12":{"loc":{"start":{"line":78,"column":4},"end":{"line":80,"column":null}},"type":"if","locations":[{"start":{"line":78,"column":4},"end":{"line":80,"column":null}},{"start":{},"end":{}}],"line":78},"13":{"loc":{"start":{"line":84,"column":4},"end":{"line":86,"column":null}},"type":"if","locations":[{"start":{"line":84,"column":4},"end":{"line":86,"column":null}},{"start":{},"end":{}}],"line":84},"14":{"loc":{"start":{"line":14,"column":31},"end":{"line":14,"column":null}},"type":"cond-expr","locations":[{"start":{"line":14,"column":54},"end":{"line":14,"column":63}},{"start":{"line":14,"column":63},"end":{"line":14,"column":null}}],"line":14}},"s":{"0":3,"1":3,"2":0,"3":0,"4":0,"5":3,"6":0,"7":0,"8":0,"9":0,"10":3,"11":0,"12":3,"13":0,"14":3,"15":0,"16":0,"17":0,"18":0,"19":0,"20":0,"21":0,"22":0,"23":0,"24":0,"25":0,"26":0,"27":0,"28":0,"29":0,"30":0,"31":0,"32":3,"33":3,"34":3},"f":{"0":6,"1":3,"2":0,"3":3,"4":0,"5":3,"6":0,"7":0,"8":0,"9":0},"b":{"0":[0,0],"1":[0,3],"2":[3,0],"3":[0,0],"4":[0,0],"5":[0,3],"6":[0,3],"7":[0,0],"8":[0,0],"9":[0,0],"10":[0,0],"11":[0,0],"12":[0,0],"13":[0,0],"14":[0,3]},"meta":{"lastBranch":15,"lastFunction":10,"lastStatement":35,"seen":{"f:4:1:4:Infinity":0,"f:16:10:16:20":1,"s:17:31:17:Infinity":0,"s:18:4:18:Infinity":1,"f:21:10:21:24":2,"s:22:22:22:Infinity":2,"s:23:23:23:Infinity":3,"b:23:33:23:62:23:65:23:Infinity":0,"s:24:4:24:Infinity":4,"f:27:10:27:27":3,"b:29:4:32:Infinity:undefined:undefined:undefined:undefined":1,"s:29:4:32:Infinity":5,"b:29:8:29:28:29:32:29:51":2,"f:35:2:35:8":4,"b:36:4:36:Infinity:undefined:undefined:undefined:undefined":3,"s:36:4:36:Infinity":6,"s:36:34:36:Infinity":7,"b:37:4:39:Infinity:undefined:undefined:undefined:undefined":4,"s:37:4:39:Infinity":8,"s:38:6:38:Infinity":9,"f:42:2:42:7":5,"b:43:4:43:Infinity:undefined:undefined:undefined:undefined":5,"s:43:4:43:Infinity":10,"s:43:33:43:Infinity":11,"b:44:4:46:Infinity:undefined:undefined:undefined:undefined":6,"s:44:4:46:Infinity":12,"s:45:6:45:Infinity":13,"s:47:4:47:Infinity":14,"f:50:2:50:7":6,"b:51:4:51:Infinity:undefined:undefined:undefined:undefined":7,"s:51:4:51:Infinity":15,"s:51:33:51:Infinity":16,"b:52:4:54:Infinity:undefined:undefined:undefined:undefined":8,"s:52:4:54:Infinity":17,"s:53:6:53:Infinity":18,"s:55:4:55:Infinity":19,"f:58:2:58:8":7,"b:59:4:59:Infinity:undefined:undefined:undefined:undefined":9,"s:59:4:59:Infinity":20,"s:59:34:59:Infinity":21,"s:61:25:66:Infinity":22,"b:68:4:71:Infinity:undefined:undefined:undefined:undefined":10,"s:68:4:71:Infinity":23,"s:69:6:69:Infinity":24,"b:70:6:70:Infinity:undefined:undefined:undefined:undefined":11,"s:70:6:70:Infinity":25,"s:70:17:70:Infinity":26,"s:73:4:73:Infinity":27,"f:77:2:77:7":8,"b:78:4:80:Infinity:undefined:undefined:undefined:undefined":12,"s:78:4:80:Infinity":28,"s:79:6:79:Infinity":29,"f:83:2:83:10":9,"b:84:4:86:Infinity:undefined:undefined:undefined:undefined":13,"s:84:4:86:Infinity":30,"s:85:6:85:Infinity":31,"s:13:2:13:Infinity":32,"s:14:2:14:Infinity":33,"b:14:54:14:63:14:63:14:Infinity":14,"s:91:22:91:Infinity":34}}}
}
